<?xml version="1.0" encoding="UTF-8" standalone="no"?>
<!DOCTYPE log SYSTEM "logger.dtd">
<log>
<record>
  <date>2023-08-18T10:11:38.806-0300</date>
  <logger>ANANDA VILAR VIDAL</logger>
  <level>FINE</level>
  <message>File 122110472-ANANDA VILAR VIDAL.zip was received. It was sent by ANANDA VILAR VIDAL from IP 150.165.42.185 at 18-08-2023 10*11*38</message>
</record>
</log>
<?xml version="1.0" encoding="UTF-8" standalone="no"?>
<!DOCTYPE log SYSTEM "logger.dtd">
<log>
<record>
  <date>2023-08-21T22:39:47.959-0300</date>
  <logger>ANANDA VILAR VIDAL</logger>
  <level>FINE</level>
  <message>File 122110472-ANANDA VILAR VIDAL.zip was received. It was sent by ANANDA VILAR VIDAL from IP 192.168.0.8 at 21-08-2023 22*39*47</message>
</record>
</log>
<?xml version="1.0" encoding="UTF-8" standalone="no"?>
<!DOCTYPE log SYSTEM "logger.dtd">
<log>
<record>
  <date>2023-08-22T13:09:40.431-0300</date>
  <logger>ANANDA VILAR VIDAL</logger>
  <level>FINE</level>
  <message>File 122110472-ANANDA VILAR VIDAL.zip was received. It was sent by ANANDA VILAR VIDAL from IP 192.168.0.8 at 22-08-2023 13*09*40</message>
</record>
</log>
<?xml version="1.0" encoding="UTF-8" standalone="no"?>
<!DOCTYPE log SYSTEM "logger.dtd">
<log>
<record>
  <date>2023-08-23T21:56:42.953-0300</date>
  <logger>ANANDA VILAR VIDAL</logger>
  <level>FINE</level>
  <message>File 122110472-ANANDA VILAR VIDAL.zip was received. It was sent by ANANDA VILAR VIDAL from IP 192.168.0.6 at 23-08-2023 21*56*42</message>
</record>
</log>
<?xml version="1.0" encoding="UTF-8" standalone="no"?>
<!DOCTYPE log SYSTEM "logger.dtd">
<log>
<record>
  <date>2023-08-23T22:10:09.702-0300</date>
  <logger>ANANDA VILAR VIDAL</logger>
  <level>FINE</level>
  <message>File 122110472-ANANDA VILAR VIDAL.zip was received. It was sent by ANANDA VILAR VIDAL from IP 192.168.0.6 at 23-08-2023 22*10*09</message>
</record>
</log>
<?xml version="1.0" encoding="UTF-8" standalone="no"?>
<!DOCTYPE log SYSTEM "logger.dtd">
<log>
<record>
  <date>2023-08-24T19:26:47.892-0300</date>
  <logger>ANANDA VILAR VIDAL</logger>
  <level>FINE</level>
  <message>File 122110472-ANANDA VILAR VIDAL.zip was received. It was sent by ANANDA VILAR VIDAL from IP 192.168.0.6 at 24-08-2023 19*26*47</message>
</record>
</log>
<?xml version="1.0" encoding="UTF-8" standalone="no"?>
<!DOCTYPE log SYSTEM "logger.dtd">
<log>
<record>
  <date>2023-08-24T20:34:37.251-0300</date>
  <logger>ANANDA VILAR VIDAL</logger>
  <level>FINE</level>
  <message>File 122110472-ANANDA VILAR VIDAL.zip was received. It was sent by ANANDA VILAR VIDAL from IP 192.168.0.6 at 24-08-2023 20*34*37</message>
</record>
</log>
<?xml version="1.0" encoding="UTF-8" standalone="no"?>
<!DOCTYPE log SYSTEM "logger.dtd">
<log>
<record>
  <date>2023-08-24T20:46:43.231-0300</date>
  <logger>ANANDA VILAR VIDAL</logger>
  <level>FINE</level>
  <message>File 122110472-ANANDA VILAR VIDAL.zip was received. It was sent by ANANDA VILAR VIDAL from IP 192.168.0.6 at 24-08-2023 20*46*43</message>
</record>
</log>
<?xml version="1.0" encoding="UTF-8" standalone="no"?>
<!DOCTYPE log SYSTEM "logger.dtd">
<log>
<record>
  <date>2023-08-24T21:23:02.583-0300</date>
  <logger>ANANDA VILAR VIDAL</logger>
  <level>FINE</level>
  <message>File 122110472-ANANDA VILAR VIDAL.zip was received. It was sent by ANANDA VILAR VIDAL from IP 192.168.0.6 at 24-08-2023 21*23*02</message>
</record>
</log>
<?xml version="1.0" encoding="UTF-8" standalone="no"?>
<!DOCTYPE log SYSTEM "logger.dtd">
<log>
<record>
  <date>2023-08-24T21:23:34.702-0300</date>
  <logger>ANANDA VILAR VIDAL</logger>
  <level>FINE</level>
  <message>File 122110472-ANANDA VILAR VIDAL.zip was received. It was sent by ANANDA VILAR VIDAL from IP 192.168.0.6 at 24-08-2023 21*23*34</message>
</record>
</log>
<?xml version="1.0" encoding="UTF-8" standalone="no"?>
<!DOCTYPE log SYSTEM "logger.dtd">
<log>
<record>
  <date>2023-08-24T23:34:24.443-0300</date>
  <logger>ANANDA VILAR VIDAL</logger>
  <level>FINE</level>
  <message>File 122110472-ANANDA VILAR VIDAL.zip was received. It was sent by ANANDA VILAR VIDAL from IP 192.168.0.6 at 24-08-2023 23*34*24</message>
</record>
</log>
<?xml version="1.0" encoding="UTF-8" standalone="no"?>
<!DOCTYPE log SYSTEM "logger.dtd">
<log>
<record>
  <date>2023-08-24T23:35:50.043-0300</date>
  <logger>ANANDA VILAR VIDAL</logger>
  <level>FINE</level>
  <message>File 122110472-ANANDA VILAR VIDAL.zip was received. It was sent by ANANDA VILAR VIDAL from IP 192.168.0.6 at 24-08-2023 23*35*50</message>
</record>
</log>
<?xml version="1.0" encoding="UTF-8" standalone="no"?>
<!DOCTYPE log SYSTEM "logger.dtd">
<log>
<record>
  <date>2023-08-24T23:36:51.557-0300</date>
  <logger>ANANDA VILAR VIDAL</logger>
  <level>FINE</level>
  <message>File 122110472-ANANDA VILAR VIDAL.zip was received. It was sent by ANANDA VILAR VIDAL from IP 192.168.0.6 at 24-08-2023 23*36*51</message>
</record>
