<?xml version="1.0" encoding="UTF-8" standalone="no"?>
<!DOCTYPE log SYSTEM "logger.dtd">
<log>
<record>
  <date>2023-10-06T10:09:52.290-0300</date>
  <logger>ANANDA VILAR VIDAL</logger>
  <level>FINE</level>
  <message>File 122110472-ANANDA VILAR VIDAL.zip was received. It was sent by ANANDA VILAR VIDAL from IP 150.165.42.184 at 06-10-2023 10*09*52</message>
</record>
</log>
<?xml version="1.0" encoding="UTF-8" standalone="no"?>
<!DOCTYPE log SYSTEM "logger.dtd">
<log>
<record>
  <date>2023-10-06T11:23:09.561-0300</date>
  <logger>ANANDA VILAR VIDAL</logger>
  <level>FINE</level>
  <message>File 122110472-ANANDA VILAR VIDAL.zip was received. It was sent by ANANDA VILAR VIDAL from IP 150.165.42.184 at 06-10-2023 11*23*09</message>
</record>
</log>
<?xml version="1.0" encoding="UTF-8" standalone="no"?>
<!DOCTYPE log SYSTEM "logger.dtd">
<log>
<record>
  <date>2023-10-09T19:37:57.680-0300</date>
  <logger>ANANDA VILAR VIDAL</logger>
  <level>FINE</level>
  <message>File 122110472-ANANDA VILAR VIDAL.zip was received. It was sent by ANANDA VILAR VIDAL from IP 192.168.0.5 at 09-10-2023 19*37*57</message>
</record>
</log>
<?xml version="1.0" encoding="UTF-8" standalone="no"?>
<!DOCTYPE log SYSTEM "logger.dtd">
<log>
<record>
  <date>2023-10-09T20:10:48.315-0300</date>
  <logger>ANANDA VILAR VIDAL</logger>
  <level>FINE</level>
  <message>File 122110472-ANANDA VILAR VIDAL.zip was received. It was sent by ANANDA VILAR VIDAL from IP 192.168.0.5 at 09-10-2023 20*10*48</message>
</record>
</log>
<?xml version="1.0" encoding="UTF-8" standalone="no"?>
<!DOCTYPE log SYSTEM "logger.dtd">
<log>
<record>
  <date>2023-10-17T19:50:50.007-0300</date>
  <logger>ANANDA VILAR VIDAL</logger>
  <level>FINE</level>
  <message>File 122110472-ANANDA VILAR VIDAL.zip was received. It was sent by ANANDA VILAR VIDAL from IP 192.168.0.8 at 17-10-2023 19*50*49</message>
</record>
