<?xml version="1.0" encoding="UTF-8" standalone="no"?>
<!DOCTYPE log SYSTEM "logger.dtd">
<log>
<record>
  <date>2023-08-23T08:38:23.413-0300</date>
  <logger>ANANDA VILAR VIDAL</logger>
  <level>FINE</level>
  <message>File 122110472-ANANDA VILAR VIDAL.zip was received. It was sent by ANANDA VILAR VIDAL from IP 150.165.42.188 at 23-08-2023 08*38*23</message>
</record>
</log>
<?xml version="1.0" encoding="UTF-8" standalone="no"?>
<!DOCTYPE log SYSTEM "logger.dtd">
<log>
<record>
  <date>2023-08-23T08:39:37.624-0300</date>
  <logger>ANANDA VILAR VIDAL</logger>
  <level>FINE</level>
  <message>File 122110472-ANANDA VILAR VIDAL.zip was received. It was sent by ANANDA VILAR VIDAL from IP 150.165.42.188 at 23-08-2023 08*39*37</message>
</record>
</log>
<?xml version="1.0" encoding="UTF-8" standalone="no"?>
<!DOCTYPE log SYSTEM "logger.dtd">
<log>
<record>
  <date>2023-08-23T08:53:52.150-0300</date>
  <logger>ANANDA VILAR VIDAL</logger>
  <level>FINE</level>
  <message>File 122110472-ANANDA VILAR VIDAL.zip was received. It was sent by ANANDA VILAR VIDAL from IP 150.165.42.188 at 23-08-2023 08*53*52</message>
</record>
</log>
<?xml version="1.0" encoding="UTF-8" standalone="no"?>
<!DOCTYPE log SYSTEM "logger.dtd">
<log>
<record>
  <date>2023-08-23T09:40:45.313-0300</date>
  <logger>ANANDA VILAR VIDAL</logger>
  <level>FINE</level>
  <message>File 122110472-ANANDA VILAR VIDAL.zip was received. It was sent by ANANDA VILAR VIDAL from IP 150.165.42.188 at 23-08-2023 09*40*45</message>
</record>
</log>
<?xml version="1.0" encoding="UTF-8" standalone="no"?>
<!DOCTYPE log SYSTEM "logger.dtd">
<log>
<record>
  <date>2023-08-23T09:41:46.102-0300</date>
  <logger>ANANDA VILAR VIDAL</logger>
  <level>FINE</level>
  <message>File 122110472-ANANDA VILAR VIDAL.zip was received. It was sent by ANANDA VILAR VIDAL from IP 150.165.42.188 at 23-08-2023 09*41*46</message>
</record>
</log>
<?xml version="1.0" encoding="UTF-8" standalone="no"?>
<!DOCTYPE log SYSTEM "logger.dtd">
<log>
<record>
  <date>2023-08-23T09:43:27.516-0300</date>
  <logger>ANANDA VILAR VIDAL</logger>
  <level>FINE</level>
  <message>File 122110472-ANANDA VILAR VIDAL.zip was received. It was sent by ANANDA VILAR VIDAL from IP 150.165.42.188 at 23-08-2023 09*43*27</message>
</record>
</log>
<?xml version="1.0" encoding="UTF-8" standalone="no"?>
<!DOCTYPE log SYSTEM "logger.dtd">
<log>
<record>
  <date>2023-08-23T09:44:39.062-0300</date>
  <logger>ANANDA VILAR VIDAL</logger>
  <level>FINE</level>
  <message>File 122110472-ANANDA VILAR VIDAL.zip was received. It was sent by ANANDA VILAR VIDAL from IP 150.165.42.188 at 23-08-2023 09*44*39</message>
</record>
</log>
<?xml version="1.0" encoding="UTF-8" standalone="no"?>
<!DOCTYPE log SYSTEM "logger.dtd">
<log>
<record>
  <date>2023-08-23T09:47:37.570-0300</date>
  <logger>ANANDA VILAR VIDAL</logger>
  <level>FINE</level>
  <message>File 122110472-ANANDA VILAR VIDAL.zip was received. It was sent by ANANDA VILAR VIDAL from IP 150.165.42.188 at 23-08-2023 09*47*37</message>
</record>
