<?xml version="1.0" encoding="UTF-8" standalone="no"?>
<!DOCTYPE log SYSTEM "logger.dtd">
<log>
<record>
  <date>2023-09-12T12:12:04.030-0300</date>
  <logger>ANANDA VILAR VIDAL</logger>
  <level>FINE</level>
  <message>File 122110472-ANANDA VILAR VIDAL.zip was received. It was sent by ANANDA VILAR VIDAL from IP 192.168.0.6 at 12-09-2023 12*12*04</message>
</record>
</log>
<?xml version="1.0" encoding="UTF-8" standalone="no"?>
<!DOCTYPE log SYSTEM "logger.dtd">
<log>
<record>
  <date>2023-09-12T22:11:05.303-0300</date>
  <logger>ANANDA VILAR VIDAL</logger>
  <level>FINE</level>
  <message>File 122110472-ANANDA VILAR VIDAL.zip was received. It was sent by ANANDA VILAR VIDAL from IP 192.168.0.6 at 12-09-2023 22*11*05</message>
</record>
</log>
<?xml version="1.0" encoding="UTF-8" standalone="no"?>
<!DOCTYPE log SYSTEM "logger.dtd">
<log>
<record>
  <date>2023-09-13T08:24:13.551-0300</date>
  <logger>ANANDA VILAR VIDAL</logger>
  <level>FINE</level>
  <message>File 122110472-ANANDA VILAR VIDAL.zip was received. It was sent by ANANDA VILAR VIDAL from IP 150.165.42.181 at 13-09-2023 08*24*13</message>
</record>
</log>
<?xml version="1.0" encoding="UTF-8" standalone="no"?>
<!DOCTYPE log SYSTEM "logger.dtd">
<log>
<record>
  <date>2023-09-13T09:37:49.125-0300</date>
  <logger>ANANDA VILAR VIDAL</logger>
  <level>FINE</level>
  <message>File 122110472-ANANDA VILAR VIDAL.zip was received. It was sent by ANANDA VILAR VIDAL from IP 150.165.42.181 at 13-09-2023 09*37*49</message>
</record>
