<?xml version="1.0" encoding="UTF-8" standalone="no"?>
<!DOCTYPE log SYSTEM "logger.dtd">
<log>
<record>
  <date>2023-08-11T10:36:12.245-0300</date>
  <logger>ANANDA VILAR VIDAL</logger>
  <level>FINE</level>
  <message>File 122110472-ANANDA VILAR VIDAL.zip was received. It was sent by ANANDA VILAR VIDAL from IP 192.168.51.202 at 11-08-2023 10*36*12</message>
</record>
</log>
<?xml version="1.0" encoding="UTF-8" standalone="no"?>
<!DOCTYPE log SYSTEM "logger.dtd">
<log>
<record>
  <date>2023-08-15T18:06:45.202-0300</date>
  <logger>ANANDA VILAR VIDAL</logger>
  <level>FINE</level>
  <message>File 122110472-ANANDA VILAR VIDAL.zip was received. It was sent by ANANDA VILAR VIDAL from IP 192.168.0.103 at 15-08-2023 18*06*45</message>
</record>
</log>
<?xml version="1.0" encoding="UTF-8" standalone="no"?>
<!DOCTYPE log SYSTEM "logger.dtd">
<log>
<record>
  <date>2023-08-15T19:55:43.976-0300</date>
  <logger>ANANDA VILAR VIDAL</logger>
  <level>FINE</level>
  <message>File 122110472-ANANDA VILAR VIDAL.zip was received. It was sent by ANANDA VILAR VIDAL from IP 192.168.0.6 at 15-08-2023 19*55*43</message>
</record>
</log>
<?xml version="1.0" encoding="UTF-8" standalone="no"?>
<!DOCTYPE log SYSTEM "logger.dtd">
<log>
<record>
  <date>2023-08-15T20:26:00.778-0300</date>
  <logger>ANANDA VILAR VIDAL</logger>
  <level>FINE</level>
  <message>File 122110472-ANANDA VILAR VIDAL.zip was received. It was sent by ANANDA VILAR VIDAL from IP 192.168.0.6 at 15-08-2023 20*26*00</message>
</record>
</log>
<?xml version="1.0" encoding="UTF-8" standalone="no"?>
<!DOCTYPE log SYSTEM "logger.dtd">
<log>
<record>
  <date>2023-08-16T08:57:15.693-0300</date>
  <logger>ANANDA VILAR VIDAL</logger>
  <level>FINE</level>
  <message>File 122110472-ANANDA VILAR VIDAL.zip was received. It was sent by ANANDA VILAR VIDAL from IP 192.168.51.202 at 16-08-2023 08*57*15</message>
</record>
</log>
<?xml version="1.0" encoding="UTF-8" standalone="no"?>
<!DOCTYPE log SYSTEM "logger.dtd">
<log>
<record>
  <date>2023-08-16T09:01:16.683-0300</date>
  <logger>ANANDA VILAR VIDAL</logger>
  <level>FINE</level>
  <message>File 122110472-ANANDA VILAR VIDAL.zip was received. It was sent by ANANDA VILAR VIDAL from IP 192.168.51.202 at 16-08-2023 09*01*16</message>
</record>
</log>
<?xml version="1.0" encoding="UTF-8" standalone="no"?>
<!DOCTYPE log SYSTEM "logger.dtd">
<log>
<record>
  <date>2023-08-16T09:42:41.927-0300</date>
  <logger>ANANDA VILAR VIDAL</logger>
  <level>FINE</level>
  <message>File 122110472-ANANDA VILAR VIDAL.zip was received. It was sent by ANANDA VILAR VIDAL from IP 192.168.51.202 at 16-08-2023 09*42*41</message>
</record>
</log>
<?xml version="1.0" encoding="UTF-8" standalone="no"?>
<!DOCTYPE log SYSTEM "logger.dtd">
<log>
<record>
  <date>2023-08-17T19:00:06.817-0300</date>
  <logger>ANANDA VILAR VIDAL</logger>
  <level>FINE</level>
  <message>File 122110472-ANANDA VILAR VIDAL.zip was received. It was sent by ANANDA VILAR VIDAL from IP 192.168.0.6 at 17-08-2023 19*00*06</message>
</record>
